<?xml version="1.0" encoding="UTF-8"?>
<testng-results skipped="0" failed="0" total="1" passed="1">
  <reporter-output>
  </reporter-output>
  <suite name="Default suite" duration-ms="8006" started-at="2012-12-06T16:23:53Z" finished-at="2012-12-06T16:24:01Z">
    <groups>
    </groups>
    <test name="Default test" duration-ms="8006" started-at="2012-12-06T16:23:53Z" finished-at="2012-12-06T16:24:01Z">
      <class name="pack.test.Test1Test">
        <test-method status="PASS" signature="TestStart()[pri:0, instance:pack.test.Test1Test@5cba16]" name="TestStart" duration-ms="7990" started-at="2012-12-06T19:23:53Z" finished-at="2012-12-06T19:24:01Z">
          <reporter-output>
          </reporter-output>
        </test-method> <!-- TestStart -->
      </class> <!-- pack.test.Test1Test -->
    </test> <!-- Default test -->
  </suite> <!-- Default suite -->
</testng-results>
