<?xml version="1.0" encoding="UTF-8"?>
<testng-results skipped="0" failed="0" total="1" passed="1">
  <reporter-output>
  </reporter-output>
  <suite name="Default suite" duration-ms="16078" started-at="2012-12-05T20:43:27Z" finished-at="2012-12-05T20:43:43Z">
    <groups>
    </groups>
    <test name="Default test" duration-ms="16078" started-at="2012-12-05T20:43:27Z" finished-at="2012-12-05T20:43:43Z">
      <class name="pack.test.Test1Test">
        <test-method status="PASS" signature="TestStart()[pri:0, instance:pack.test.Test1Test@de8a82]" name="TestStart" duration-ms="16031" started-at="2012-12-05T23:43:27Z" finished-at="2012-12-05T23:43:43Z">
          <reporter-output>
          </reporter-output>
        </test-method> <!-- TestStart -->
      </class> <!-- pack.test.Test1Test -->
    </test> <!-- Default test -->
  </suite> <!-- Default suite -->
</testng-results>
