<?xml version="1.0" encoding="UTF-8"?>
<!-- Generated by org.testng.reporters.JUnitXMLReporter -->
<testsuite hostname="microsof-700290" name="Test" tests="1" failures="1" timestamp="4 Jan 2013 22:18:28 GMT" time="268.734" errors="0">
  <testcase name="TestStart" time="268.703" classname="pack_test.Test_128">
    <failure type="pack_utils.ExceptFailTest">
      <![CDATA[Тест провален, причина Значение(я) счетчика(ов) выше не совпало с правильным(и) значение(ями) счетчика(ов)
	at pack_page.Page_IrrPrivateOffice.CheckAllCountersAfterChangeData(Page_IrrPrivateOffice.java:380)
	at pack_test.Test_128.TestStart(Test_128.java:164)
... Removed 24 stack frames]]>
    </failure>
  </testcase> <!-- TestStart -->
</testsuite> <!-- Test -->
