<?xml version="1.0" encoding="UTF-8"?>
<testng-results skipped="0" failed="0" total="1" passed="1">
  <reporter-output>
  </reporter-output>
  <suite name="Default suite" duration-ms="29344" started-at="2012-12-05T23:37:01Z" finished-at="2012-12-05T23:37:31Z">
    <groups>
    </groups>
    <test name="Default test" duration-ms="29344" started-at="2012-12-05T23:37:01Z" finished-at="2012-12-05T23:37:31Z">
      <class name="pack1.TestTest">
        <test-method status="PASS" signature="Test()[pri:0, instance:pack1.TestTest@2cef66]" name="Test" duration-ms="29329" started-at="2012-12-06T01:37:01Z" finished-at="2012-12-06T01:37:31Z">
          <reporter-output>
          </reporter-output>
        </test-method> <!-- Test -->
      </class> <!-- pack1.TestTest -->
    </test> <!-- Default test -->
  </suite> <!-- Default suite -->
</testng-results>
