<?xml version="1.0" encoding="UTF-8"?>
<testng-results skipped="0" failed="0" total="1" passed="1">
  <reporter-output>
  </reporter-output>
  <suite name="Suite" duration-ms="2336703" started-at="2013-01-07T17:55:23Z" finished-at="2013-01-07T18:34:20Z">
    <groups>
    </groups>
    <test name="Test" duration-ms="2336703" started-at="2013-01-07T17:55:23Z" finished-at="2013-01-07T18:34:20Z">
      <class name="pack_test.Test_128">
        <test-method status="PASS" signature="TestBefore()[pri:0, instance:pack_test.Test_128@1a01125]" name="TestBefore" is-config="true" duration-ms="0" started-at="2013-01-07T19:55:23Z" finished-at="2013-01-07T19:55:23Z">
          <reporter-output>
          </reporter-output>
        </test-method> <!-- TestBefore -->
        <test-method status="PASS" signature="TestStart(java.lang.String, java.lang.String, java.lang.String, java.lang.String)[pri:0, instance:pack_test.Test_128@1a01125]" name="TestStart" duration-ms="2336672" started-at="2013-01-07T19:55:23Z" finished-at="2013-01-07T20:34:20Z">
          <params>
            <param index="0">
              <value>
                <![CDATA[http://irr.ru]]>
              </value>
            </param>
            <param index="1">
              <value>
                <![CDATA[dsobol]]>
              </value>
            </param>
            <param index="2">
              <value>
                <![CDATA[555555]]>
              </value>
            </param>
            <param index="3">
              <value>
                <![CDATA[2]]>
              </value>
            </param>
          </params>
          <reporter-output>
          </reporter-output>
        </test-method> <!-- TestStart -->
        <test-method status="PASS" signature="TestAfter()[pri:0, instance:pack_test.Test_128@1a01125]" name="TestAfter" is-config="true" duration-ms="0" started-at="2013-01-07T20:34:20Z" finished-at="2013-01-07T20:34:20Z">
          <reporter-output>
          </reporter-output>
        </test-method> <!-- TestAfter -->
      </class> <!-- pack_test.Test_128 -->
    </test> <!-- Test -->
  </suite> <!-- Suite -->
</testng-results>
