<?xml version="1.0" encoding="UTF-8"?>
<testng-results skipped="0" failed="1" total="1" passed="0">
  <reporter-output>
  </reporter-output>
  <suite name="Suite" duration-ms="268734" started-at="2013-01-04T22:14:00Z" finished-at="2013-01-04T22:18:28Z">
    <groups>
    </groups>
    <test name="Test" duration-ms="268734" started-at="2013-01-04T22:14:00Z" finished-at="2013-01-04T22:18:28Z">
      <class name="pack_test.Test_128">
        <test-method status="PASS" signature="TestBefore()[pri:0, instance:pack_test.Test_128@8b9b76]" name="TestBefore" is-config="true" duration-ms="15" started-at="2013-01-05T00:14:00Z" finished-at="2013-01-05T00:14:00Z">
          <reporter-output>
          </reporter-output>
        </test-method> <!-- TestBefore -->
        <test-method status="FAIL" signature="TestStart(java.lang.String, java.lang.String, java.lang.String)[pri:0, instance:pack_test.Test_128@8b9b76]" name="TestStart" duration-ms="268703" started-at="2013-01-05T00:14:00Z" finished-at="2013-01-05T00:18:28Z">
          <params>
            <param index="0">
              <value>
                <![CDATA[http://irr.ru/stargate/]]>
              </value>
            </param>
            <param index="1">
              <value>
                <![CDATA[dsobol]]>
              </value>
            </param>
            <param index="2">
              <value>
                <![CDATA[555555]]>
              </value>
            </param>
          </params>
          <exception class="pack_utils.ExceptFailTest">
            <full-stacktrace>
              <![CDATA[Тест провален, причина Значение(я) счетчика(ов) выше не совпало с правильным(и) значение(ями) счетчика(ов)
	at pack_page.Page_IrrPrivateOffice.CheckAllCountersAfterChangeData(Page_IrrPrivateOffice.java:380)
	at pack_test.Test_128.TestStart(Test_128.java:164)
	at sun.reflect.NativeMethodAccessorImpl.invoke0(Native Method)
	at sun.reflect.NativeMethodAccessorImpl.invoke(NativeMethodAccessorImpl.java:57)
	at sun.reflect.DelegatingMethodAccessorImpl.invoke(DelegatingMethodAccessorImpl.java:43)
	at java.lang.reflect.Method.invoke(Method.java:601)
	at org.testng.internal.MethodInvocationHelper.invokeMethod(MethodInvocationHelper.java:80)
	at org.testng.internal.Invoker.invokeMethod(Invoker.java:714)
	at org.testng.internal.Invoker.invokeTestMethod(Invoker.java:901)
	at org.testng.internal.Invoker.invokeTestMethods(Invoker.java:1231)
	at org.testng.internal.TestMethodWorker.invokeTestMethods(TestMethodWorker.java:127)
	at org.testng.internal.TestMethodWorker.run(TestMethodWorker.java:111)
	at org.testng.TestRunner.privateRun(TestRunner.java:767)
	at org.testng.TestRunner.run(TestRunner.java:617)
	at org.testng.SuiteRunner.runTest(SuiteRunner.java:334)
	at org.testng.SuiteRunner.runSequentially(SuiteRunner.java:329)
	at org.testng.SuiteRunner.privateRun(SuiteRunner.java:291)
	at org.testng.SuiteRunner.run(SuiteRunner.java:240)
	at org.testng.SuiteRunnerWorker.runSuite(SuiteRunnerWorker.java:52)
	at org.testng.SuiteRunnerWorker.run(SuiteRunnerWorker.java:86)
	at org.testng.TestNG.runSuitesSequentially(TestNG.java:1197)
	at org.testng.TestNG.runSuitesLocally(TestNG.java:1122)
	at org.testng.TestNG.run(TestNG.java:1030)
	at org.testng.remote.RemoteTestNG.run(RemoteTestNG.java:111)
	at org.testng.remote.RemoteTestNG.initAndRun(RemoteTestNG.java:204)
	at org.testng.remote.RemoteTestNG.main(RemoteTestNG.java:175)
]]>
            </full-stacktrace>
          </exception> <!-- pack_utils.ExceptFailTest -->
          <reporter-output>
          </reporter-output>
        </test-method> <!-- TestStart -->
        <test-method status="PASS" signature="TestAfter()[pri:0, instance:pack_test.Test_128@8b9b76]" name="TestAfter" is-config="true" duration-ms="0" started-at="2013-01-05T00:18:28Z" finished-at="2013-01-05T00:18:28Z">
          <reporter-output>
          </reporter-output>
        </test-method> <!-- TestAfter -->
      </class> <!-- pack_test.Test_128 -->
    </test> <!-- Test -->
  </suite> <!-- Suite -->
</testng-results>
