<?xml version="1.0" encoding="UTF-8"?>
<testng-results skipped="0" failed="0" total="1" passed="1">
  <reporter-output>
  </reporter-output>
  <suite name="Suite" duration-ms="48046" started-at="2012-12-05T23:39:37Z" finished-at="2012-12-05T23:40:25Z">
    <groups>
    </groups>
    <test name="Test" duration-ms="48046" started-at="2012-12-05T23:39:37Z" finished-at="2012-12-05T23:40:25Z">
      <class name="pack1.TestTest">
        <test-method status="PASS" signature="Test()[pri:0, instance:pack1.TestTest@9addef]" name="Test" duration-ms="48015" started-at="2012-12-06T01:39:37Z" finished-at="2012-12-06T01:40:25Z">
          <reporter-output>
          </reporter-output>
        </test-method> <!-- Test -->
      </class> <!-- pack1.TestTest -->
    </test> <!-- Test -->
  </suite> <!-- Suite -->
</testng-results>
