<?xml version="1.0" encoding="UTF-8"?>
<testng-results skipped="0" failed="0" total="1" passed="1">
  <reporter-output>
  </reporter-output>
  <suite name="Suite" duration-ms="9049" started-at="2012-12-09T08:58:22Z" finished-at="2012-12-09T08:58:31Z">
    <groups>
    </groups>
    <test name="Test" duration-ms="9049" started-at="2012-12-09T08:58:22Z" finished-at="2012-12-09T08:58:31Z">
      <class name="pack1.TestTest">
        <test-method status="PASS" signature="Test(java.lang.String)[pri:0, instance:pack1.TestTest@1e2b8a0]" name="Test" duration-ms="9033" started-at="2012-12-09T19:58:22Z" finished-at="2012-12-09T19:58:31Z">
          <params>
            <param index="0">
              <value>
                <![CDATA[http://tut.by]]>
              </value>
            </param>
          </params>
          <reporter-output>
          </reporter-output>
        </test-method> <!-- Test -->
      </class> <!-- pack1.TestTest -->
    </test> <!-- Test -->
  </suite> <!-- Suite -->
</testng-results>
