<?xml version="1.0" encoding="UTF-8"?>
<testng-results skipped="0" failed="1" total="1" passed="0">
  <reporter-output>
  </reporter-output>
  <suite name="Default suite" duration-ms="212608" started-at="2012-12-09T14:16:32Z" finished-at="2012-12-09T14:20:05Z">
    <groups>
    </groups>
    <test name="Default test" duration-ms="212608" started-at="2012-12-09T14:16:32Z" finished-at="2012-12-09T14:20:05Z">
      <class name="pack_test.TestCount">
        <test-method status="PASS" signature="befTest()[pri:0, instance:pack_test.TestCount@754c30]" name="befTest" is-config="true" duration-ms="7" started-at="2012-12-10T01:16:32Z" finished-at="2012-12-10T01:16:32Z">
          <reporter-output>
          </reporter-output>
        </test-method> <!-- befTest -->
        <test-method status="FAIL" signature="TestStart()[pri:0, instance:pack_test.TestCount@754c30]" name="TestStart" duration-ms="212585" started-at="2012-12-10T01:16:32Z" finished-at="2012-12-10T01:20:05Z">
          <exception class="pack_utils.ExceptFailTest">
            <full-stacktrace>
              <![CDATA[Тест провален, причина Значение счетчика "Все статусы" 1 не равно количеству отображаемых объявлений 2.
	at pack_page.Page_IrrPrivateOffice.CheckCountAndVisibleAdvert(Page_IrrPrivateOffice.java:337)
	at pack_test.TestCount.TestStart(TestCount.java:121)
	at sun.reflect.NativeMethodAccessorImpl.invoke0(Native Method)
	at sun.reflect.NativeMethodAccessorImpl.invoke(NativeMethodAccessorImpl.java:57)
	at sun.reflect.DelegatingMethodAccessorImpl.invoke(DelegatingMethodAccessorImpl.java:43)
	at java.lang.reflect.Method.invoke(Method.java:601)
	at org.testng.internal.MethodInvocationHelper.invokeMethod(MethodInvocationHelper.java:80)
	at org.testng.internal.Invoker.invokeMethod(Invoker.java:714)
	at org.testng.internal.Invoker.invokeTestMethod(Invoker.java:901)
	at org.testng.internal.Invoker.invokeTestMethods(Invoker.java:1231)
	at org.testng.internal.TestMethodWorker.invokeTestMethods(TestMethodWorker.java:127)
	at org.testng.internal.TestMethodWorker.run(TestMethodWorker.java:111)
	at org.testng.TestRunner.privateRun(TestRunner.java:767)
	at org.testng.TestRunner.run(TestRunner.java:617)
	at org.testng.SuiteRunner.runTest(SuiteRunner.java:334)
	at org.testng.SuiteRunner.runSequentially(SuiteRunner.java:329)
	at org.testng.SuiteRunner.privateRun(SuiteRunner.java:291)
	at org.testng.SuiteRunner.run(SuiteRunner.java:240)
	at org.testng.SuiteRunnerWorker.runSuite(SuiteRunnerWorker.java:52)
	at org.testng.SuiteRunnerWorker.run(SuiteRunnerWorker.java:86)
	at org.testng.TestNG.runSuitesSequentially(TestNG.java:1197)
	at org.testng.TestNG.runSuitesLocally(TestNG.java:1122)
	at org.testng.TestNG.run(TestNG.java:1030)
	at org.testng.remote.RemoteTestNG.run(RemoteTestNG.java:111)
	at org.testng.remote.RemoteTestNG.initAndRun(RemoteTestNG.java:204)
	at org.testng.remote.RemoteTestNG.main(RemoteTestNG.java:175)
]]>
            </full-stacktrace>
          </exception> <!-- pack_utils.ExceptFailTest -->
          <reporter-output>
          </reporter-output>
        </test-method> <!-- TestStart -->
        <test-method status="PASS" signature="aftTest()[pri:0, instance:pack_test.TestCount@754c30]" name="aftTest" is-config="true" duration-ms="0" started-at="2012-12-10T01:20:05Z" finished-at="2012-12-10T01:20:05Z">
          <reporter-output>
          </reporter-output>
        </test-method> <!-- aftTest -->
      </class> <!-- pack_test.TestCount -->
    </test> <!-- Default test -->
  </suite> <!-- Default suite -->
</testng-results>
