<?xml version="1.0" encoding="UTF-8"?>
<testng-results skipped="0" failed="1" total="1" passed="0">
  <reporter-output>
  </reporter-output>
  <suite name="Suite" duration-ms="22551" started-at="2012-12-06T14:36:44Z" finished-at="2012-12-06T14:37:07Z">
    <groups>
    </groups>
    <test name="Test" duration-ms="22551" started-at="2012-12-06T14:36:44Z" finished-at="2012-12-06T14:37:07Z">
      <class name="pack_test.TestCount">
        <test-method status="PASS" signature="befTest()[pri:0, instance:pack_test.TestCount@1451db0]" name="befTest" is-config="true" duration-ms="0" started-at="2012-12-07T01:36:44Z" finished-at="2012-12-07T01:36:44Z">
          <reporter-output>
          </reporter-output>
        </test-method> <!-- befTest -->
        <test-method status="FAIL" signature="TestStart()[pri:0, instance:pack_test.TestCount@1451db0]" name="TestStart" duration-ms="22519" started-at="2012-12-07T01:36:44Z" finished-at="2012-12-07T01:37:07Z">
          <exception class="pack_utils.ExceptFailTest">
            <full-stacktrace>
              <![CDATA[Тест провален, причина Элемент //a[@class='x-tree-node-anchor']/span[contains(text(),'��������� ��������')] не найден
	at pack_page.Page.CheckElementPresent(Page.java:142)
	at pack_page.Page_Stargate.OpenFormCreateAdvertAuto(Page_Stargate.java:157)
	at pack_test.TestCount.TestStart(TestCount.java:61)
	at sun.reflect.NativeMethodAccessorImpl.invoke0(Native Method)
	at sun.reflect.NativeMethodAccessorImpl.invoke(NativeMethodAccessorImpl.java:57)
	at sun.reflect.DelegatingMethodAccessorImpl.invoke(DelegatingMethodAccessorImpl.java:43)
	at java.lang.reflect.Method.invoke(Method.java:601)
	at org.testng.internal.MethodInvocationHelper.invokeMethod(MethodInvocationHelper.java:80)
	at org.testng.internal.Invoker.invokeMethod(Invoker.java:714)
	at org.testng.internal.Invoker.invokeTestMethod(Invoker.java:901)
	at org.testng.internal.Invoker.invokeTestMethods(Invoker.java:1231)
	at org.testng.internal.TestMethodWorker.invokeTestMethods(TestMethodWorker.java:127)
	at org.testng.internal.TestMethodWorker.run(TestMethodWorker.java:111)
	at org.testng.TestRunner.privateRun(TestRunner.java:767)
	at org.testng.TestRunner.run(TestRunner.java:617)
	at org.testng.SuiteRunner.runTest(SuiteRunner.java:334)
	at org.testng.SuiteRunner.runSequentially(SuiteRunner.java:329)
	at org.testng.SuiteRunner.privateRun(SuiteRunner.java:291)
	at org.testng.SuiteRunner.run(SuiteRunner.java:240)
	at org.testng.SuiteRunnerWorker.runSuite(SuiteRunnerWorker.java:52)
	at org.testng.SuiteRunnerWorker.run(SuiteRunnerWorker.java:86)
	at org.testng.TestNG.runSuitesSequentially(TestNG.java:1198)
	at org.testng.TestNG.runSuitesLocally(TestNG.java:1123)
	at org.testng.TestNG.run(TestNG.java:1031)
	at org.apache.maven.surefire.testng.TestNGExecutor.run(TestNGExecutor.java:178)
	at org.apache.maven.surefire.testng.TestNGXmlTestSuite.execute(TestNGXmlTestSuite.java:92)
	at org.apache.maven.surefire.testng.TestNGProvider.invoke(TestNGProvider.java:96)
	at sun.reflect.NativeMethodAccessorImpl.invoke0(Native Method)
	at sun.reflect.NativeMethodAccessorImpl.invoke(NativeMethodAccessorImpl.java:57)
	at sun.reflect.DelegatingMethodAccessorImpl.invoke(DelegatingMethodAccessorImpl.java:43)
	at java.lang.reflect.Method.invoke(Method.java:601)
	at org.apache.maven.surefire.util.ReflectionUtils.invokeMethodWithArray(ReflectionUtils.java:189)
	at org.apache.maven.surefire.booter.ProviderFactory$ProviderProxy.invoke(ProviderFactory.java:165)
	at org.apache.maven.surefire.booter.ProviderFactory.invokeProvider(ProviderFactory.java:85)
	at org.apache.maven.surefire.booter.ForkedBooter.runSuitesInProcess(ForkedBooter.java:115)
	at org.apache.maven.surefire.booter.ForkedBooter.main(ForkedBooter.java:75)
]]>
            </full-stacktrace>
          </exception> <!-- pack_utils.ExceptFailTest -->
          <reporter-output>
          </reporter-output>
        </test-method> <!-- TestStart -->
        <test-method status="PASS" signature="aftTest()[pri:0, instance:pack_test.TestCount@1451db0]" name="aftTest" is-config="true" duration-ms="0" started-at="2012-12-07T01:37:07Z" finished-at="2012-12-07T01:37:07Z">
          <reporter-output>
          </reporter-output>
        </test-method> <!-- aftTest -->
      </class> <!-- pack_test.TestCount -->
    </test> <!-- Test -->
  </suite> <!-- Suite -->
</testng-results>
