<?xml version="1.0" encoding="UTF-8"?>
<testng-results skipped="0" failed="0" total="1" passed="1">
  <reporter-output>
  </reporter-output>
  <suite name="Suite" duration-ms="272344" started-at="2012-12-04T19:55:36Z" finished-at="2012-12-04T20:00:08Z">
    <groups>
    </groups>
    <test name="Test" duration-ms="272344" started-at="2012-12-04T19:55:36Z" finished-at="2012-12-04T20:00:08Z">
      <class name="pack_test.TestCount">
        <test-method status="PASS" signature="befTest()[pri:0, instance:pack_test.TestCount@13c2a46]" name="befTest" is-config="true" duration-ms="0" started-at="2012-12-04T21:55:36Z" finished-at="2012-12-04T21:55:36Z">
          <reporter-output>
          </reporter-output>
        </test-method> <!-- befTest -->
        <test-method status="PASS" signature="TestStart()[pri:0, instance:pack_test.TestCount@13c2a46]" name="TestStart" duration-ms="272312" started-at="2012-12-04T21:55:36Z" finished-at="2012-12-04T22:00:08Z">
          <reporter-output>
          </reporter-output>
        </test-method> <!-- TestStart -->
        <test-method status="PASS" signature="aftTest()[pri:0, instance:pack_test.TestCount@13c2a46]" name="aftTest" is-config="true" duration-ms="0" started-at="2012-12-04T22:00:08Z" finished-at="2012-12-04T22:00:08Z">
          <reporter-output>
          </reporter-output>
        </test-method> <!-- aftTest -->
      </class> <!-- pack_test.TestCount -->
    </test> <!-- Test -->
  </suite> <!-- Suite -->
</testng-results>
