<?xml version="1.0" encoding="UTF-8"?>
<testng-results skipped="0" failed="0" total="1" passed="1">
  <reporter-output>
  </reporter-output>
  <suite name="Suite" duration-ms="14438" started-at="2013-01-09T23:48:22Z" finished-at="2013-01-09T23:48:36Z">
    <groups>
    </groups>
    <test name="Test" duration-ms="14438" started-at="2013-01-09T23:48:22Z" finished-at="2013-01-09T23:48:36Z">
      <class name="pack1.TestTest">
        <test-method status="PASS" signature="Test()[pri:0, instance:pack1.TestTest@14cbf3f]" name="Test" duration-ms="14406" started-at="2013-01-10T01:48:22Z" finished-at="2013-01-10T01:48:36Z">
          <reporter-output>
          </reporter-output>
        </test-method> <!-- Test -->
      </class> <!-- pack1.TestTest -->
    </test> <!-- Test -->
  </suite> <!-- Suite -->
</testng-results>
