<?xml version="1.0" encoding="UTF-8"?>
<!-- Generated by org.testng.reporters.JUnitXMLReporter -->
<testsuite hostname="ps-pc-038" name="Test" tests="1" failures="1" timestamp="6 Dec 2012 14:31:46 GMT" time="20.38" errors="0">
  <testcase name="TestStart" time="20.365" classname="pack_test.TestCount">
    <failure type="pack_utils.ExceptFailTest">
      <![CDATA[Тест провален, причина Элемент //a[@href='/stargate/workspace/admanagement/catalog/']/span[contains(text(),'������� ����������')] не найден
	at pack_page.Page.CheckElementPresent(Page.java:142)
	at pack_page.Page_Stargate.OpenListAdvert(Page_Stargate.java:460)
	at pack_page.Page_Stargate.OpenFormCreateAdvertAuto(Page_Stargate.java:156)
	at pack_test.TestCount.TestStart(TestCount.java:61)
	at org.apache.maven.surefire.testng.TestNGExecutor.run(TestNGExecutor.java:178)
	at org.apache.maven.surefire.testng.TestNGXmlTestSuite.execute(TestNGXmlTestSuite.java:92)
	at org.apache.maven.surefire.testng.TestNGProvider.invoke(TestNGProvider.java:96)
	at org.apache.maven.surefire.util.ReflectionUtils.invokeMethodWithArray(ReflectionUtils.java:189)
	at org.apache.maven.surefire.booter.ProviderFactory$ProviderProxy.invoke(ProviderFactory.java:165)
	at org.apache.maven.surefire.booter.ProviderFactory.invokeProvider(ProviderFactory.java:85)
	at org.apache.maven.surefire.booter.ForkedBooter.runSuitesInProcess(ForkedBooter.java:115)
	at org.apache.maven.surefire.booter.ForkedBooter.main(ForkedBooter.java:75)
... Removed 25 stack frames]]>
    </failure>
  </testcase> <!-- TestStart -->
</testsuite> <!-- Test -->
