<?xml version="1.0" encoding="UTF-8"?>
<testng-results skipped="0" failed="0" total="1" passed="1">
  <reporter-output>
  </reporter-output>
  <suite name="Suite" duration-ms="17984" started-at="2012-12-05T20:22:43Z" finished-at="2012-12-05T20:23:01Z">
    <groups>
    </groups>
    <test name="Test" duration-ms="17984" started-at="2012-12-05T20:22:43Z" finished-at="2012-12-05T20:23:01Z">
      <class name="pack.test.Test1Test">
        <test-method status="PASS" signature="TestStart()[pri:0, instance:pack.test.Test1Test@5ebd39]" name="TestStart" duration-ms="17968" started-at="2012-12-05T23:22:43Z" finished-at="2012-12-05T23:23:01Z">
          <reporter-output>
          </reporter-output>
        </test-method> <!-- TestStart -->
      </class> <!-- pack.test.Test1Test -->
    </test> <!-- Test -->
  </suite> <!-- Suite -->
</testng-results>
