<?xml version="1.0" encoding="UTF-8"?>
<!-- Generated by org.testng.reporters.JUnitXMLReporter -->
<testsuite hostname="microsof-700290" name="Test" tests="1" failures="1" timestamp="28 Jan 2013 23:11:53 GMT" time="0.625" errors="0">
  <testcase name="Test" time="0.578" classname="pack_test.Test_Mobile">
    <failure type="pack_utils.ExceptFailTest">
      <![CDATA[Тест провален, причина Тест провален
	at pack_connect.ConnectMethod.CreateProfileRequest_1_1(ConnectMethod.java:44)
	at pack_test.Test_Mobile.Test(Test_Mobile.java:20)
... Removed 24 stack frames]]>
    </failure>
  </testcase> <!-- Test -->
</testsuite> <!-- Test -->
