<?xml version="1.0" encoding="UTF-8"?>
<testng-results skipped="0" failed="0" total="1" passed="1">
  <reporter-output>
  </reporter-output>
  <suite name="pack_test.Test_Mobile" duration-ms="561" started-at="2013-01-30T06:54:55Z" finished-at="2013-01-30T06:54:56Z">
    <groups>
      <group name="Authorization_1_1">
        <method signature="Test_Mobile.Test1()[pri:0, instance:pack_test.Test_Mobile@1826b7a]" name="Test1" class="pack_test.Test_Mobile"/>
      </group> <!-- Authorization_1_1 -->
    </groups>
    <test name="Command line test" duration-ms="561" started-at="2013-01-30T06:54:55Z" finished-at="2013-01-30T06:54:56Z">
      <class name="pack_test.Test_Mobile">
        <test-method status="PASS" signature="Test1()[pri:0, instance:pack_test.Test_Mobile@1826b7a]" name="Test1" duration-ms="546" started-at="2013-01-30T09:54:55Z" finished-at="2013-01-30T09:54:56Z">
          <reporter-output>
          </reporter-output>
        </test-method> <!-- Test1 -->
      </class> <!-- pack_test.Test_Mobile -->
    </test> <!-- Command line test -->
  </suite> <!-- pack_test.Test_Mobile -->
</testng-results>
