<?xml version="1.0" encoding="UTF-8"?>
<!-- Generated by org.testng.reporters.JUnitXMLReporter -->
<testsuite hostname="microsof-700290" name="Test" tests="1" failures="1" timestamp="9 Jan 2013 23:17:19 GMT" time="17.531" errors="0">
  <testcase name="Test" time="17.5" classname="pack1.TestTest">
    <failure type="java.lang.AssertionError" message="gdfgfg">
      <![CDATA[java.lang.AssertionError: gdfgfg
	at pack1.TestTest.Test(TestTest.java:57)
... Removed 25 stack frames]]>
    </failure>
  </testcase> <!-- Test -->
</testsuite> <!-- Test -->
